<?xml version="1.0" encoding="UTF-8"?>
<!-- Generated by org.testng.reporters.JUnitXMLReporter -->
<testsuite ignored="1" hostname="AKSHAY-1106" failures="0" tests="11" name="Default test" time="0.123" errors="0" timestamp="2021-10-20T12:42:09 IST">
  <testcase classname="testng.FlagOfTestNG" name="run" time="0.017"/>
  <testcase classname="testng.FlagOfTestNG" name="gun" time="0.002"/>
  <testcase classname="testng.FlagOfTestNG" name="gun" time="0.002"/>
  <testcase classname="testng.FlagOfTestNG" name="gun" time="0.003"/>
  <testcase classname="testng.FlagOfTestNG" name="gun" time="0.002"/>
  <testcase classname="testng.FlagOfTestNG" name="gun" time="0.001"/>
  <testcase classname="testng.FlagOfTestNG" name="gun" time="0.003"/>
  <testcase classname="testng.FlagOfTestNG" name="gun" time="0.002"/>
  <testcase classname="testng.FlagOfTestNG" name="gun" time="0.003"/>
  <testcase classname="testng.FlagOfTestNG" name="gun" time="0.003"/>
  <testcase classname="testng.FlagOfTestNG" name="gun" time="0.002"/>
  <testcase classname="testng.FlagOfTestNG" name="bun" time="0.0">
    <ignored/>
  </testcase> <!-- bun -->
</testsuite> <!-- Default test -->
